c:\users\noa\downloads\based-master\build\intermediates\vc143.pdb
c:\users\noa\downloads\based-master\build\intermediates\trampoline.obj
c:\users\noa\downloads\based-master\build\intermediates\hook.obj
c:\users\noa\downloads\based-master\build\intermediates\hde64.obj
c:\users\noa\downloads\based-master\build\intermediates\hde32.obj
c:\users\noa\downloads\based-master\build\intermediates\buffer.obj
c:\users\noa\downloads\based-master\build\intermediates\memory.obj
c:\users\noa\downloads\based-master\build\intermediates\main.obj
c:\users\noa\downloads\based-master\build\intermediates\misc.obj
c:\users\noa\downloads\based-master\build\intermediates\netvars.obj
c:\users\noa\downloads\based-master\build\intermediates\interfaces.obj
c:\users\noa\downloads\based-master\build\intermediates\hooks.obj
c:\users\noa\downloads\based-master\build\intermediates\globals.obj
c:\users\noa\downloads\based-master\build\intermediates\imgui_widgets.obj
c:\users\noa\downloads\based-master\build\intermediates\imgui_tables.obj
c:\users\noa\downloads\based-master\build\intermediates\imgui_impl_win32.obj
c:\users\noa\downloads\based-master\build\intermediates\imgui_impl_dx9.obj
c:\users\noa\downloads\based-master\build\intermediates\imgui_draw.obj
c:\users\noa\downloads\based-master\build\intermediates\imgui_demo.obj
c:\users\noa\downloads\based-master\build\intermediates\imgui.obj
c:\users\noa\downloads\based-master\build\intermediates\gui.obj
c:\users\noa\downloads\based-master\build\based.dll
c:\users\noa\downloads\based-master\build\intermediates\based.ipdb
c:\users\noa\downloads\based-master\build\intermediates\based.iobj
c:\users\noa\downloads\based-master\build\based.pdb
c:\users\noa\downloads\based-master\build\intermediates\based.vcxproj.filelistabsolute.txt
c:\users\noa\downloads\based-master\build\intermediates\based.tlog\cl.command.1.tlog
c:\users\noa\downloads\based-master\build\intermediates\based.tlog\cl.read.1.tlog
c:\users\noa\downloads\based-master\build\intermediates\based.tlog\cl.write.1.tlog
c:\users\noa\downloads\based-master\build\intermediates\based.tlog\link.command.1.tlog
c:\users\noa\downloads\based-master\build\intermediates\based.tlog\link.read.1.tlog
c:\users\noa\downloads\based-master\build\intermediates\based.tlog\link.write.1.tlog
